<?xml version="1.0" encoding="UTF-8"?>
<testsuite xmlns:xsi="http://www.w3.org/2001/XMLSchema-instance" xsi:noNamespaceSchemaLocation="https://maven.apache.org/surefire/maven-surefire-plugin/xsd/surefire-test-report.xsd" name="mypackage.AppTest" time="0.112" tests="1" errors="0" skipped="0" failures="0">
  <properties>
    <property name="java.specification.version" value="15"/>
    <property name="sun.cpu.isalist" value="amd64"/>
    <property name="sun.jnu.encoding" value="GBK"/>
    <property name="java.class.path" value="h:\JavaWorkSpace\vscode_for_java\dirayEditor\target\test-classes;h:\JavaWorkSpace\vscode_for_java\dirayEditor\target\classes;H:\mavenRepository\junit\junit\4.11\junit-4.11.jar;H:\mavenRepository\org\hamcrest\hamcrest-core\1.3\hamcrest-core-1.3.jar;H:\mavenRepository\org\jdom\jdom\2.0.2\jdom-2.0.2.jar;H:\mavenRepository\mysql\mysql-connector-java\8.0.21\mysql-connector-java-8.0.21.jar;H:\mavenRepository\com\google\protobuf\protobuf-java\3.11.4\protobuf-java-3.11.4.jar;"/>
    <property name="java.vm.vendor" value="Oracle Corporation"/>
    <property name="sun.arch.data.model" value="64"/>
    <property name="user.variant" value=""/>
    <property name="java.vendor.url" value="https://java.oracle.com/"/>
    <property name="user.timezone" value="Asia/Shanghai"/>
    <property name="os.name" value="Windows 10"/>
    <property name="java.vm.specification.version" value="15"/>
    <property name="sun.java.launcher" value="SUN_STANDARD"/>
    <property name="user.country" value="CN"/>
    <property name="sun.boot.library.path" value="C:\Program Files\Java\jdk-15\bin"/>
    <property name="sun.java.command" value="C:\Users\大龙\AppData\Local\Temp\surefire739139964816471505\surefirebooter3237361967786870012.jar C:\Users\大龙\AppData\Local\Temp\surefire739139964816471505 2020-12-14T01-41-17_461-jvmRun1 surefire13358379172551391163tmp surefire_018124179025159556569tmp"/>
    <property name="jdk.debug" value="release"/>
    <property name="surefire.test.class.path" value="h:\JavaWorkSpace\vscode_for_java\dirayEditor\target\test-classes;h:\JavaWorkSpace\vscode_for_java\dirayEditor\target\classes;H:\mavenRepository\junit\junit\4.11\junit-4.11.jar;H:\mavenRepository\org\hamcrest\hamcrest-core\1.3\hamcrest-core-1.3.jar;H:\mavenRepository\org\jdom\jdom\2.0.2\jdom-2.0.2.jar;H:\mavenRepository\mysql\mysql-connector-java\8.0.21\mysql-connector-java-8.0.21.jar;H:\mavenRepository\com\google\protobuf\protobuf-java\3.11.4\protobuf-java-3.11.4.jar;"/>
    <property name="sun.cpu.endian" value="little"/>
    <property name="user.home" value="C:\Users\大龙"/>
    <property name="user.language" value="zh"/>
    <property name="java.specification.vendor" value="Oracle Corporation"/>
    <property name="java.version.date" value="2020-09-15"/>
    <property name="java.home" value="C:\Program Files\Java\jdk-15"/>
    <property name="file.separator" value="\"/>
    <property name="basedir" value="h:\JavaWorkSpace\vscode_for_java\dirayEditor"/>
    <property name="java.vm.compressedOopsMode" value="Zero based"/>
    <property name="line.separator" value="&#10;"/>
    <property name="java.vm.specification.vendor" value="Oracle Corporation"/>
    <property name="java.specification.name" value="Java Platform API Specification"/>
    <property name="surefire.real.class.path" value="C:\Users\大龙\AppData\Local\Temp\surefire739139964816471505\surefirebooter3237361967786870012.jar"/>
    <property name="user.script" value=""/>
    <property name="sun.management.compiler" value="HotSpot 64-Bit Tiered Compilers"/>
    <property name="java.runtime.version" value="15+36-1562"/>
    <property name="user.name" value="大龙"/>
    <property name="path.separator" value=";"/>
    <property name="os.version" value="10.0"/>
    <property name="java.runtime.name" value="Java(TM) SE Runtime Environment"/>
    <property name="file.encoding" value="GBK"/>
    <property name="java.vm.name" value="Java HotSpot(TM) 64-Bit Server VM"/>
    <property name="localRepository" value="H:\mavenRepository"/>
    <property name="java.vendor.url.bug" value="https://bugreport.java.com/bugreport/"/>
    <property name="java.io.tmpdir" value="C:\Users\大龙\AppData\Local\Temp\"/>
    <property name="java.version" value="15"/>
    <property name="user.dir" value="h:\JavaWorkSpace\vscode_for_java\dirayEditor"/>
    <property name="os.arch" value="amd64"/>
    <property name="java.vm.specification.name" value="Java Virtual Machine Specification"/>
    <property name="sun.os.patch.level" value=""/>
    <property name="java.library.path" value="C:\Program Files\Java\jdk-15\bin;C:\WINDOWS\Sun\Java\bin;C:\WINDOWS\system32;C:\WINDOWS;C:\Program Files (x86)\Common Files\Intel\Shared Libraries\redist\intel64\compiler;C:\Program Files\Common Files\Oracle\Java\javapath;C:\Windows\system32;C:\Windows;C:\Windows\System32\Wbem;C:\Windows\System32\WindowsPowerShell\v1.0\;C:\Windows\System32\OpenSSH\;C:\Program Files (x86)\NVIDIA Corporation\PhysX\Common;D:\Program Files (x86)\mingw-w64\i686-8.1.0-posix-dwarf-rt_v6-rev0\mingw32\bin;C:\Program Files\Java\jdk-15\bin;C:\WINDOWS\system32;C:\WINDOWS;C:\WINDOWS\System32\Wbem;C:\WINDOWS\System32\WindowsPowerShell\v1.0\;C:\WINDOWS\System32\OpenSSH\;C:\Program Files\dotnet\;H:\Qt\5.9\mingw53_32\bin;C:\Program Files\Java\maven\apache-maven-3.6.3;C:\Program Files\Java\maven\apache-maven-3.6.3\bin;C:\Program Files\Git\cmd;C:\Users\大龙\AppData\Local\Programs\Python\Python38\Scripts\;C:\Users\大龙\AppData\Local\Programs\Python\Python38\;C:\Users\大龙\AppData\Local\Microsoft\WindowsApps;E:\Bandizip\;H:\Microsoft VS Code\bin;C:\Users\大龙\.dotnet\tools;."/>
    <property name="java.vm.info" value="mixed mode, sharing"/>
    <property name="java.vendor" value="Oracle Corporation"/>
    <property name="java.vm.version" value="15+36-1562"/>
    <property name="sun.io.unicode.encoding" value="UnicodeLittle"/>
    <property name="java.class.version" value="59.0"/>
  </properties>
  <testcase name="shouldAnswerWithTrue" classname="mypackage.AppTest" time="0.056"/>
</testsuite>