<?xml version="1.0" encoding="UTF-8"?>
<testsuite xmlns:xsi="http://www.w3.org/2001/XMLSchema-instance" xsi:noNamespaceSchemaLocation="https://maven.apache.org/surefire/maven-surefire-plugin/xsd/surefire-test-report.xsd" name="mypackage.AppTest" time="0.052" tests="2" errors="0" skipped="0" failures="0">
  <properties>
    <property name="java.specification.version" value="14"/>
    <property name="sun.cpu.isalist" value="amd64"/>
    <property name="sun.jnu.encoding" value="GBK"/>
    <property name="java.class.path" value="P:\JavaWorkSpace\personalblog\personalblog\target\test-classes;P:\JavaWorkSpace\personalblog\personalblog\target\classes;P:\maven\localRepository\junit\junit\4.11\junit-4.11.jar;P:\maven\localRepository\org\hamcrest\hamcrest-core\1.3\hamcrest-core-1.3.jar;P:\maven\localRepository\org\jdom\jdom\2.0.2\jdom-2.0.2.jar;P:\maven\localRepository\mysql\mysql-connector-java\8.0.21\mysql-connector-java-8.0.21.jar;P:\maven\localRepository\com\google\protobuf\protobuf-java\3.11.4\protobuf-java-3.11.4.jar;"/>
    <property name="java.vm.vendor" value="Oracle Corporation"/>
    <property name="sun.arch.data.model" value="64"/>
    <property name="user.variant" value=""/>
    <property name="java.vendor.url" value="https://java.oracle.com/"/>
    <property name="user.timezone" value="Asia/Shanghai"/>
    <property name="os.name" value="Windows 10"/>
    <property name="java.vm.specification.version" value="14"/>
    <property name="sun.java.launcher" value="SUN_STANDARD"/>
    <property name="user.country" value="CN"/>
    <property name="sun.boot.library.path" value="P:\compiler\bin"/>
    <property name="sun.java.command" value="C:\Users\Drew\AppData\Local\Temp\surefire102918186483412658\surefirebooter11816825116348376427.jar C:\Users\Drew\AppData\Local\Temp\surefire102918186483412658 2020-12-14T01-23-54_688-jvmRun1 surefire14935189007257570245tmp surefire_051156063622046659tmp"/>
    <property name="jdk.debug" value="release"/>
    <property name="surefire.test.class.path" value="P:\JavaWorkSpace\personalblog\personalblog\target\test-classes;P:\JavaWorkSpace\personalblog\personalblog\target\classes;P:\maven\localRepository\junit\junit\4.11\junit-4.11.jar;P:\maven\localRepository\org\hamcrest\hamcrest-core\1.3\hamcrest-core-1.3.jar;P:\maven\localRepository\org\jdom\jdom\2.0.2\jdom-2.0.2.jar;P:\maven\localRepository\mysql\mysql-connector-java\8.0.21\mysql-connector-java-8.0.21.jar;P:\maven\localRepository\com\google\protobuf\protobuf-java\3.11.4\protobuf-java-3.11.4.jar;"/>
    <property name="sun.cpu.endian" value="little"/>
    <property name="user.home" value="C:\Users\Drew"/>
    <property name="user.language" value="zh"/>
    <property name="java.specification.vendor" value="Oracle Corporation"/>
    <property name="java.version.date" value="2020-07-14"/>
    <property name="java.home" value="P:\compiler"/>
    <property name="file.separator" value="\"/>
    <property name="basedir" value="P:\JavaWorkSpace\personalblog\personalblog"/>
    <property name="java.vm.compressedOopsMode" value="32-bit"/>
    <property name="line.separator" value="&#10;"/>
    <property name="java.vm.specification.vendor" value="Oracle Corporation"/>
    <property name="java.specification.name" value="Java Platform API Specification"/>
    <property name="surefire.real.class.path" value="C:\Users\Drew\AppData\Local\Temp\surefire102918186483412658\surefirebooter11816825116348376427.jar"/>
    <property name="user.script" value=""/>
    <property name="sun.management.compiler" value="HotSpot 64-Bit Tiered Compilers"/>
    <property name="java.runtime.version" value="14.0.2+12-46"/>
    <property name="user.name" value="Drew"/>
    <property name="path.separator" value=";"/>
    <property name="os.version" value="10.0"/>
    <property name="java.runtime.name" value="Java(TM) SE Runtime Environment"/>
    <property name="file.encoding" value="GBK"/>
    <property name="java.vm.name" value="Java HotSpot(TM) 64-Bit Server VM"/>
    <property name="localRepository" value="P:\maven\localRepository"/>
    <property name="java.vendor.url.bug" value="https://bugreport.java.com/bugreport/"/>
    <property name="java.io.tmpdir" value="C:\Users\Drew\AppData\Local\Temp\"/>
    <property name="java.version" value="14.0.2"/>
    <property name="user.dir" value="P:\JavaWorkSpace\personalblog\personalblog"/>
    <property name="os.arch" value="amd64"/>
    <property name="java.vm.specification.name" value="Java Virtual Machine Specification"/>
    <property name="sun.os.patch.level" value=""/>
    <property name="java.library.path" value="P:\compiler\bin;C:\WINDOWS\Sun\Java\bin;C:\WINDOWS\system32;C:\WINDOWS;P:\compiler\bin;C:\Program Files (x86)\Common Files\Intel\Shared Libraries\redist\intel64\compiler;C:\WINDOWS\system32;C:\WINDOWS;C:\WINDOWS\System32\Wbem;C:\WINDOWS\System32\WindowsPowerShell\v1.0\;C:\WINDOWS\System32\OpenSSH\;C:\MinGW\bin;P:\Git\cmd;E:\桌面\luadec-master;E:\桌面\luadec51_2.0_win32_bin;C:\Program Files (x86)\NVIDIA Corporation\PhysX\Common;P:\compiler\Scripts;C:\MinGW\lib\gcc\mingw32\9.2.0\include;C:\Program Files (x86)\Microsoft Visual Studio\2019\Community\VC\Tools\MSVC\14.25.28610\include;P:\Qt\5.12.8\mingw73_64\bin;P:\Qt\Tools\mingw730_64\bin;C:\sql;P:\Qt\5.12.8\msvc2017_64\bin;P:\apache-maven-3.6.3;P:\python_interpreter\;P:\python_interpreter\Scripts\;P:\maven\apache-maven-3.6.3\bin;P:\python_interpreter\Scripts\;P:\python_interpreter\;C:\Users\Drew\AppData\Local\Microsoft\WindowsApps;C:\Program Files\Bandizip\;."/>
    <property name="java.vm.info" value="mixed mode, sharing"/>
    <property name="java.vendor" value="Oracle Corporation"/>
    <property name="java.vm.version" value="14.0.2+12-46"/>
    <property name="sun.io.unicode.encoding" value="UnicodeLittle"/>
    <property name="java.class.version" value="58.0"/>
  </properties>
  <testcase name="shouldAnswerWithTrue" classname="mypackage.AppTest" time="0.004"/>
  <testcase name="shouldAnswerWithTrue2" classname="mypackage.AppTest" time="0.001"/>
</testsuite>